\BOOKMARK [1][-]{section.1}{\376\377\000C\000h\001\260\001\241\000n\000g\000\040\0001\000:\000\040\000T\036\325\000n\000g\000\040\000q\000u\000a\000n\000\040\000c\036\245\000u\000\040\000t\000r\000\372\000c\000\040\000v\000\340\000\040\000c\000\341\000c\000\040\000m\000o\000d\000u\000l\000e\000\040\000f\000i\000r\000m\000w\000a\000r\000e}{}% 1
\BOOKMARK [2][-]{subsection.1.1}{\376\377\000T\036\325\000n\000g\000\040\000q\000u\000a\000n\000\040\000c\036\245\000u\000\040\000t\000r\000\372\000c\000\040\000m\000\343\000\040\000n\000g\000u\036\323\000n}{section.1}% 2
\BOOKMARK [2][-]{subsection.1.2}{\376\377\000C\000\342\000y\000\040\000t\000h\001\260\000\040\000m\036\345\000c\000\040\000v\000\340\000\040\000f\000i\000l\000e\000\040\000n\000g\000u\036\323\000n}{section.1}% 3
\BOOKMARK [2][-]{subsection.1.3}{\376\377\000S\001\241\000\040\001\021\036\323\000\040\000c\000\342\000y\000\040\000t\000h\001\260\000\040\000m\036\345\000c\000\040\000d\036\361\000\040\000\341\000n}{section.1}% 4
\BOOKMARK [2][-]{subsection.1.4}{\376\377\001\020\000i\036\303\000m\000\040\000v\000\340\000o\000\040\000v\000\340\000\040\000l\000u\036\323\000n\000g\000\040\000k\000h\036\337\000i\000\040\000t\036\241\000o}{section.1}% 5
\BOOKMARK [2][-]{subsection.1.5}{\376\377\000D\000a\000t\000a\000M\000a\000n\000a\000g\000e\000r\000\040\000\050\000C\000o\000m\000m\000o\000n\000\051\000\040\040\023\000\040\000D\036\357\000\040\000l\000i\036\307\000u\000\040\000d\000\371\000n\000g\000\040\000c\000h\000u\000n\000g}{section.1}% 6
\BOOKMARK [3][-]{subsubsection.1.5.1}{Vai\040tr\362}{subsection.1.5}% 7
\BOOKMARK [3][-]{subsubsection.1.5.2}{\376\377\000C\036\245\000u\000\040\000t\000r\000\372\000c\000\040\000c\000h\000\355\000n\000h}{subsection.1.5}% 8
\BOOKMARK [2][-]{subsection.1.6}{SensorTypes\040v\340\040SensorRegistry}{section.1}% 9
\BOOKMARK [3][-]{subsubsection.1.6.1}{SensorTypes.h}{subsection.1.6}% 10
\BOOKMARK [3][-]{subsubsection.1.6.2}{SensorRegistry}{subsection.1.6}% 11
\BOOKMARK [3][-]{subsubsection.1.6.3}{\376\377\000S\001\241\000\040\001\021\036\323\000\040\000c\000\342\000y\000\040\000c\036\243\000m\000\040\000b\000i\036\277\000n\000\040\000t\000h\000e\000o\000\040\000g\000i\000a\000o\000\040\000t\000i\036\277\000p}{subsection.1.6}% 12
\BOOKMARK [2][-]{subsection.1.7}{\376\377\000M\000e\000n\000u\000S\000y\000s\000t\000e\000m\000\040\040\023\000\040\000C\036\245\000u\000\040\000t\000r\000\372\000c\000\040\000m\000e\000n\000u\000\040\000v\000\340\000\040\001\021\000i\036\301\000u\000\040\000h\001\260\036\333\000n\000g}{section.1}% 13
\BOOKMARK [3][-]{subsubsection.1.7.1}{C\342y\040menu}{subsection.1.7}% 14
\BOOKMARK [3][-]{subsubsection.1.7.2}{\376\377\000S\001\241\000\040\001\021\036\323\000\040\000c\000\342\000y\000\040\000m\000e\000n\000u\000\040\000\050\000M\000e\000n\000u\000\040\000T\000r\000e\000e\000\051}{subsection.1.7}% 15
\BOOKMARK [3][-]{subsubsection.1.7.3}{\376\377\000K\000h\036\337\000i\000\040\000t\036\241\000o\000\040\000m\000e\000n\000u\000\040\001\021\036\331\000n\000g\000\040\000t\000h\000e\000o\000\040\000g\000i\000a\000o\000\040\000t\000i\036\277\000p}{subsection.1.7}% 16
\BOOKMARK [3][-]{subsubsection.1.7.4}{\376\377\000C\036\255\000p\000\040\000n\000h\036\255\000t\000\040\000t\000\352\000n\000\040\000P\000o\000r\000t\000\040\000v\000\340\000\040\000q\000u\000a\000y\000\040\000v\036\301\000\040\000m\000e\000n\000u\000\040\000S\000e\000n\000s\000o\000r\000s}{subsection.1.7}% 17
\BOOKMARK [3][-]{subsubsection.1.7.5}{\376\377\000T\000a\000s\000k\000\040\001\021\000i\036\301\000u\000\040\000h\001\260\036\333\000n\000g}{subsection.1.7}% 18
\BOOKMARK [2][-]{subsection.1.8}{\376\377\000S\000c\000r\000e\000e\000n\000M\000a\000n\000a\000g\000e\000r\000\040\040\023\000\040\000H\000i\036\303\000n\000\040\000t\000h\036\313\000\040\000O\000L\000E\000D}{section.1}% 19
\BOOKMARK [3][-]{subsubsection.1.8.1}{\376\377\000C\000h\036\351\000c\000\040\000n\001\003\000n\000g\000\040\000c\000h\000\355\000n\000h}{subsection.1.8}% 20
\BOOKMARK [3][-]{subsubsection.1.8.2}{Mutex\040v\340\040timeout\040I2C}{subsection.1.8}% 21
\BOOKMARK [2][-]{subsection.1.9}{FunctionManager\040\205\040Callback\040menu}{section.1}% 22
\BOOKMARK [2][-]{subsection.1.10}{\376\377\000C\036\245\000u\000\040\000h\000\354\000n\000h\000\040\000p\000i\000n\000\040\000v\000\340\000\040\000K\000c\000o\000n\000f\000i\000g}{section.1}% 23
\BOOKMARK [3][-]{subsubsection.1.10.1}{main/Kconfig.projbuild}{subsection.1.10}% 24
\BOOKMARK [3][-]{subsubsection.1.10.2}{component/drivers/i2cdev/Kconfig.projbuild}{subsection.1.10}% 25
\BOOKMARK [3][-]{subsubsection.1.10.3}{\376\377\000C\036\245\000u\000\040\000h\000\354\000n\000h\000\040\000v\000\340\000\040\000t\000\341\000c\000\040\000d\036\345\000n\000g\000\040\000c\036\347\000a\000\040\000c\000h\000\342\000n\000\040\000t\000r\000\352\000n\000\040\000t\036\353\000n\000g\000\040\000P\000o\000r\000t}{subsection.1.10}% 26
\BOOKMARK [1][-]{section.2}{\376\377\000C\000h\001\260\001\241\000n\000g\000\040\0002\000:\000\040\000T\000r\000i\036\303\000n\000\040\000k\000h\000a\000i\000\040\000b\000u\000i\000l\000d\000,\000\040\000c\000h\036\241\000y\000\040\000v\000\340\000\040\000h\001\260\036\333\000n\000g\000\040\000d\036\253\000n\000\040\000m\036\337\000\040\000r\036\331\000n\000g}{}% 27
\BOOKMARK [2][-]{subsection.2.1}{Build}{section.2}% 28
\BOOKMARK [2][-]{subsection.2.2}{Flash\040v\340\040monitor}{section.2}% 29
\BOOKMARK [2][-]{subsection.2.3}{\376\377\000L\000u\036\323\000n\000g\000\040\000d\036\357\000\040\000l\000i\036\307\000u\000\040\001\021\000i\036\303\000n\000\040\000h\000\354\000n\000h}{section.2}% 30
\BOOKMARK [2][-]{subsection.2.4}{\376\377\000H\001\260\036\333\000n\000g\000\040\000d\036\253\000n\000\040\000c\000h\000i\000\040\000t\000i\036\277\000t\000\040\000c\000\341\000c\000h\000\040\000t\000h\000\352\000m\000\040\000c\036\243\000m\000\040\000b\000i\036\277\000n\000\040\000m\036\333\000i}{section.2}% 31
\BOOKMARK [3][-]{subsubsection.2.4.1}{\376\377\000B\001\260\036\333\000c\000\040\0001\000:\000\040\000T\000h\000\352\000m\000\040\001\021\036\313\000n\000h\000\040\000d\000a\000n\000h\000\040\000c\036\243\000m\000\040\000b\000i\036\277\000n\000\040\000t\000r\000o\000n\000g\000\040\000S\000e\000n\000s\000o\000r\000T\000y\000p\000e\000s\000.\000h}{subsection.2.4}% 32
\BOOKMARK [3][-]{subsubsection.2.4.2}{\376\377\000B\001\260\036\333\000c\000\040\0002\000:\000\040\000T\000r\000i\036\303\000n\000\040\000k\000h\000a\000i\000\040\000i\000n\000i\000t\000/\000r\000e\000a\000d\000/\000d\000e\000i\000n\000i\000t}{subsection.2.4}% 33
\BOOKMARK [3][-]{subsubsection.2.4.3}{\376\377\000B\001\260\036\333\000c\000\040\0003\000:\000\040\001\020\001\003\000n\000g\000\040\000k\000\375\000\040\000d\000r\000i\000v\000e\000r\000\040\000t\000r\000o\000n\000g\000\040\000S\000e\000n\000s\000o\000r\000R\000e\000g\000i\000s\000t\000r\000y\000.\000c}{subsection.2.4}% 34
\BOOKMARK [3][-]{subsubsection.2.4.4}{\376\377\000B\001\260\036\333\000c\000\040\0004\000:\000\040\000C\036\255\000p\000\040\000n\000h\036\255\000t\000\040\000s\000e\000n\000s\000o\000r\000\137\000t\000y\000p\000e\000\137\000t\000o\000\137\000n\000a\000m\000e\000\050\000\051\000\040\000t\000r\000o\000n\000g\000\040\000S\000e\000n\000s\000o\000r\000R\000e\000g\000i\000s\000t\000r\000y\000.\000c}{subsection.2.4}% 35
\BOOKMARK [3][-]{subsubsection.2.4.5}{\376\377\000B\001\260\036\333\000c\000\040\0005\000:\000\040\000\050\000T\000\371\000y\000\040\000c\000h\036\315\000n\000\051\000\040\000C\036\245\000u\000\040\000h\000\354\000n\000h\000\040\000K\000c\000o\000n\000f\000i\000g\000\040\000v\000\340\000\040\000G\000P\000I\000O}{subsection.2.4}% 36
\BOOKMARK [3][-]{subsubsection.2.4.6}{\376\377\000T\000\363\000m\000\040\000t\036\257\000t\000\040\000q\000u\000y\000\040\000t\000r\000\354\000n\000h\000\040\000t\000h\000\352\000m\000\040\000c\036\243\000m\000\040\000b\000i\036\277\000n}{subsection.2.4}% 37
